[2020/09/18-16:32:43] [main] [INFO ] [net.person.blog.BlogApplication] : Starting BlogApplication on PC-20200812ZBZA with PID 228 (F:\WorkSpace\IDEAWorkSpace\BlogSystem\target\classes started by Administrator in F:\WorkSpace\IDEAWorkSpace\BlogSystem)
[2020/09/18-16:32:43] [main] [INFO ] [net.person.blog.BlogApplication] : The following profiles are active: dev
[2020/09/18-16:37:53] [main] [INFO ] [net.person.blog.BlogApplication] : Starting BlogApplication on PC-20200812ZBZA with PID 4808 (F:\WorkSpace\IDEAWorkSpace\BlogSystem\target\classes started by Administrator in F:\WorkSpace\IDEAWorkSpace\BlogSystem)
[2020/09/18-16:37:53] [main] [INFO ] [net.person.blog.BlogApplication] : The following profiles are active: dev
[2020/09/18-16:41:27] [main] [INFO ] [net.person.blog.BlogApplication] : Starting BlogApplication on PC-20200812ZBZA with PID 5380 (F:\WorkSpace\IDEAWorkSpace\BlogSystem\target\classes started by Administrator in F:\WorkSpace\IDEAWorkSpace\BlogSystem)
[2020/09/18-16:41:27] [main] [INFO ] [net.person.blog.BlogApplication] : The following profiles are active: dev
[2020/09/18-16:41:58] [main] [INFO ] [net.person.blog.BlogApplication] : Starting BlogApplication on PC-20200812ZBZA with PID 6000 (F:\WorkSpace\IDEAWorkSpace\BlogSystem\target\classes started by Administrator in F:\WorkSpace\IDEAWorkSpace\BlogSystem)
[2020/09/18-16:41:58] [main] [INFO ] [net.person.blog.BlogApplication] : The following profiles are active: dev
[2020/09/18-16:42:01] [main] [INFO ] [net.person.blog.BlogApplication] : Started BlogApplication in 3.934 seconds (JVM running for 4.52)
[2020/09/18-16:44:57] [http-nio-88-exec-1] [INFO ] [net.person.blog.controller.TestController] : jwt ====>   tokenKey ====>e10adc3949ba59abbe56e057f20f883e
[2020/09/18-16:49:51] [http-nio-88-exec-5] [INFO ] [net.person.blog.controller.user.UserApi] : 喔啦啦乌拉拉
[2020/09/18-16:51:34] [http-nio-88-exec-6] [INFO ] [net.person.blog.controller.user.UserApi] : 喔啦啦乌拉拉
[2020/09/18-16:56:26] [http-nio-88-exec-4] [INFO ] [net.person.blog.services.impl.UserServiceImpl] : captcha content == > 32
[2020/09/18-16:57:36] [main] [INFO ] [net.person.blog.BlogApplication] : Starting BlogApplication on PC-20200812ZBZA with PID 4896 (F:\WorkSpace\IDEAWorkSpace\BlogSystem\target\classes started by Administrator in F:\WorkSpace\IDEAWorkSpace\BlogSystem)
[2020/09/18-16:57:36] [main] [INFO ] [net.person.blog.BlogApplication] : The following profiles are active: dev
[2020/09/18-16:57:40] [main] [INFO ] [net.person.blog.BlogApplication] : Started BlogApplication in 3.813 seconds (JVM running for 4.391)
[2020/09/18-16:57:49] [http-nio-88-exec-5] [INFO ] [net.person.blog.services.impl.UserServiceImpl] : captcha content == > usq9s
[2020/09/18-17:14:52] [main] [INFO ] [net.person.blog.BlogApplication] : Starting BlogApplication on PC-20200812ZBZA with PID 9372 (F:\WorkSpace\IDEAWorkSpace\BlogSystem\target\classes started by Administrator in F:\WorkSpace\IDEAWorkSpace\BlogSystem)
[2020/09/18-17:14:52] [main] [INFO ] [net.person.blog.BlogApplication] : The following profiles are active: dev
[2020/09/18-17:14:56] [main] [INFO ] [net.person.blog.BlogApplication] : Started BlogApplication in 3.999 seconds (JVM running for 4.57)
[2020/09/18-17:15:24] [http-nio-88-exec-2] [INFO ] [net.person.blog.controller.user.UserApi] : 邮箱为：=====》1360786842@qq.com
[2020/09/18-17:15:24] [http-nio-88-exec-2] [INFO ] [net.person.blog.services.impl.UserServiceImpl] : sendEmail =====> ip =====>0_0_0_0_0_0_0_1
[2020/09/18-17:15:25] [http-nio-88-exec-2] [INFO ] [net.person.blog.services.impl.UserServiceImpl] : sendEmail ====>  code ====>685249
